mode: set
github.com/superjcd/userservice/service/store/sql/groups.go:17.79,24.2 2 0
github.com/superjcd/userservice/service/store/sql/groups.go:26.95,30.19 3 0
github.com/superjcd/userservice/service/store/sql/groups.go:30.19,32.3 1 0
github.com/superjcd/userservice/service/store/sql/groups.go:34.2,42.24 2 0
github.com/superjcd/userservice/service/store/sql/groups.go:45.79,47.79 2 0
github.com/superjcd/userservice/service/store/sql/groups.go:47.79,49.3 1 0
github.com/superjcd/userservice/service/store/sql/groups.go:51.2,53.32 2 0
github.com/superjcd/userservice/service/store/sql/groups.go:56.79,58.2 1 0
github.com/superjcd/userservice/service/store/sql/sql.go:15.46,17.2 1 1
github.com/superjcd/userservice/service/store/sql/sql.go:19.48,21.2 1 0
github.com/superjcd/userservice/service/store/sql/sql.go:28.61,29.36 1 1
github.com/superjcd/userservice/service/store/sql/sql.go:29.36,31.3 1 0
github.com/superjcd/userservice/service/store/sql/sql.go:32.2,32.17 1 1
github.com/superjcd/userservice/service/store/sql/sql.go:32.17,35.3 2 1
github.com/superjcd/userservice/service/store/sql/sql.go:37.2,37.24 1 1
github.com/superjcd/userservice/service/store/sql/sql.go:40.36,43.35 2 1
github.com/superjcd/userservice/service/store/sql/sql.go:43.35,45.3 1 0
github.com/superjcd/userservice/service/store/sql/sql.go:46.2,46.12 1 1
github.com/superjcd/userservice/service/store/sql/users.go:18.77,21.30 2 1
github.com/superjcd/userservice/service/store/sql/users.go:21.30,23.3 1 1
github.com/superjcd/userservice/service/store/sql/users.go:25.2,31.33 2 1
github.com/superjcd/userservice/service/store/sql/users.go:34.92,38.23 3 1
github.com/superjcd/userservice/service/store/sql/users.go:38.23,40.3 1 1
github.com/superjcd/userservice/service/store/sql/users.go:42.2,42.20 1 1
github.com/superjcd/userservice/service/store/sql/users.go:42.20,44.3 1 0
github.com/superjcd/userservice/service/store/sql/users.go:46.2,54.24 2 1
github.com/superjcd/userservice/service/store/sql/users.go:57.77,59.81 2 1
github.com/superjcd/userservice/service/store/sql/users.go:59.81,61.3 1 0
github.com/superjcd/userservice/service/store/sql/users.go:63.2,65.18 3 1
github.com/superjcd/userservice/service/store/sql/users.go:65.18,67.3 1 0
github.com/superjcd/userservice/service/store/sql/users.go:68.2,70.30 2 1
github.com/superjcd/userservice/service/store/sql/users.go:73.93,76.82 3 0
github.com/superjcd/userservice/service/store/sql/users.go:76.82,78.3 1 0
github.com/superjcd/userservice/service/store/sql/users.go:79.2,79.66 1 0
github.com/superjcd/userservice/service/store/sql/users.go:79.66,81.3 1 0
github.com/superjcd/userservice/service/store/sql/users.go:82.2,82.31 1 0
github.com/superjcd/userservice/service/store/sql/users.go:85.77,87.2 1 0
