mode: set
github.com/HooYa-Bigdata/userservice/service/store/sql/groups.go:18.79,25.2 2 0
github.com/HooYa-Bigdata/userservice/service/store/sql/groups.go:27.95,31.19 3 0
github.com/HooYa-Bigdata/userservice/service/store/sql/groups.go:31.19,33.3 1 0
github.com/HooYa-Bigdata/userservice/service/store/sql/groups.go:33.8,35.3 1 0
github.com/HooYa-Bigdata/userservice/service/store/sql/groups.go:37.2,45.24 2 0
github.com/HooYa-Bigdata/userservice/service/store/sql/groups.go:48.79,50.78 2 0
github.com/HooYa-Bigdata/userservice/service/store/sql/groups.go:50.78,52.3 1 0
github.com/HooYa-Bigdata/userservice/service/store/sql/groups.go:54.2,56.31 2 0
github.com/HooYa-Bigdata/userservice/service/store/sql/groups.go:59.79,61.2 1 0
github.com/HooYa-Bigdata/userservice/service/store/sql/sql.go:15.46,17.2 1 1
github.com/HooYa-Bigdata/userservice/service/store/sql/sql.go:19.48,21.2 1 0
github.com/HooYa-Bigdata/userservice/service/store/sql/sql.go:28.61,29.36 1 1
github.com/HooYa-Bigdata/userservice/service/store/sql/sql.go:29.36,31.3 1 0
github.com/HooYa-Bigdata/userservice/service/store/sql/sql.go:32.2,32.17 1 1
github.com/HooYa-Bigdata/userservice/service/store/sql/sql.go:32.17,35.3 2 1
github.com/HooYa-Bigdata/userservice/service/store/sql/sql.go:37.2,37.24 1 1
github.com/HooYa-Bigdata/userservice/service/store/sql/sql.go:40.36,43.35 2 1
github.com/HooYa-Bigdata/userservice/service/store/sql/sql.go:43.35,45.3 1 0
github.com/HooYa-Bigdata/userservice/service/store/sql/sql.go:46.2,46.12 1 1
github.com/HooYa-Bigdata/userservice/service/store/sql/users.go:19.77,22.18 2 1
github.com/HooYa-Bigdata/userservice/service/store/sql/users.go:22.18,24.3 1 1
github.com/HooYa-Bigdata/userservice/service/store/sql/users.go:26.2,32.33 2 1
github.com/HooYa-Bigdata/userservice/service/store/sql/users.go:35.92,39.19 3 1
github.com/HooYa-Bigdata/userservice/service/store/sql/users.go:39.19,41.3 1 0
github.com/HooYa-Bigdata/userservice/service/store/sql/users.go:41.8,43.3 1 1
github.com/HooYa-Bigdata/userservice/service/store/sql/users.go:45.2,53.24 2 1
github.com/HooYa-Bigdata/userservice/service/store/sql/users.go:56.77,58.81 2 1
github.com/HooYa-Bigdata/userservice/service/store/sql/users.go:58.81,60.3 1 0
github.com/HooYa-Bigdata/userservice/service/store/sql/users.go:62.2,64.18 3 1
github.com/HooYa-Bigdata/userservice/service/store/sql/users.go:64.18,66.3 1 0
github.com/HooYa-Bigdata/userservice/service/store/sql/users.go:67.2,69.31 2 1
github.com/HooYa-Bigdata/userservice/service/store/sql/users.go:72.93,75.81 3 0
github.com/HooYa-Bigdata/userservice/service/store/sql/users.go:75.81,77.3 1 0
github.com/HooYa-Bigdata/userservice/service/store/sql/users.go:78.2,78.66 1 0
github.com/HooYa-Bigdata/userservice/service/store/sql/users.go:78.66,80.3 1 0
github.com/HooYa-Bigdata/userservice/service/store/sql/users.go:81.2,81.31 1 0
github.com/HooYa-Bigdata/userservice/service/store/sql/users.go:84.77,86.2 1 0
